<?xml version="1.0" encoding="UTF-8"?>
<!-- Generated by org.testng.reporters.JUnitXMLReporter -->
<testsuite hostname="JCPSI5U3D" ignored="0" name="JAVA Test" tests="1" failures="1" timestamp="05 Dec 2019 08:56:06 GMT" time="0.21" errors="0">
  <testcase name="testGoogleSearch" time="0.101" classname="qaf.example.tests.SampleTest">
    <failure type="org.openqa.selenium.TimeoutException" message="Timed out after 0 seconds: Unable to create driver instance in 1st attempt with retry timeout of 0 seconds. You can check/set value of &amp;apos;driver.init.retry.timeout&amp;apos; appropriately to set retry timeout on driver initialization failure.
Build info: version: &amp;apos;2.53.0&amp;apos;, revision: &amp;apos;35ae25b1534ae328c771e0856c93e187490ca824&amp;apos;, time: &amp;apos;2016-03-15 10:43:46&amp;apos;
System info: host: &amp;apos;JCPSI5U3D&amp;apos;, ip: &amp;apos;10.5.6.61&amp;apos;, os.name: &amp;apos;Windows 10&amp;apos;, os.arch: &amp;apos;amd64&amp;apos;, os.version: &amp;apos;10.0&amp;apos;, java.version: &amp;apos;1.8.0_101&amp;apos;
Driver info: driver.version: unknown">
      <![CDATA[org.openqa.selenium.TimeoutException: Timed out after 0 seconds: Unable to create driver instance in 1st attempt with retry timeout of 0 seconds. You can check/set value of 'driver.init.retry.timeout' appropriately to set retry timeout on driver initialization failure.
Build info: version: '2.53.0', revision: '35ae25b1534ae328c771e0856c93e187490ca824', time: '2016-03-15 10:43:46'
System info: host: 'JCPSI5U3D', ip: '10.5.6.61', os.name: 'Windows 10', os.arch: 'amd64', os.version: '10.0', java.version: '1.8.0_101'
Driver info: driver.version: unknown
	at com.qmetry.qaf.automation.ui.util.DynamicWait.until(DynamicWait.java:169)
	at com.qmetry.qaf.automation.core.QAFTestBase.init(QAFTestBase.java:466)
	at com.qmetry.qaf.automation.core.QAFTestBase.getUiDriver(QAFTestBase.java:246)
	at com.qmetry.qaf.automation.ui.WebDriverTestBase.getDriver(WebDriverTestBase.java:44)
	at com.qmetry.qaf.automation.step.CommonStep.get_aroundBody24(CommonStep.java:296)
	at com.qmetry.qaf.automation.step.CommonStep$AjcClosure25.run(CommonStep.java:1)
	at com.qmetry.qaf.automation.step.JavaStepReporter.javaTestStep(JavaStepReporter.java:93)
	at com.qmetry.qaf.automation.step.CommonStep.get(CommonStep.java:295)
	at qaf.example.tests.SampleTest.testGoogleSearch(SampleTest.java:14)
Caused by: org.openqa.selenium.WebDriverException: Unable to create driver instance in 1st attempt with retry timeout of 0 seconds. You can check/set value of 'driver.init.retry.timeout' appropriately to set retry timeout on driver initialization failure.
Build info: version: '2.53.0', revision: '35ae25b1534ae328c771e0856c93e187490ca824', time: '2016-03-15 10:43:46'
System info: host: 'JCPSI5U3D', ip: '10.5.6.61', os.name: 'Windows 10', os.arch: 'amd64', os.version: '10.0', java.version: '1.8.0_101'
Driver info: driver.version: unknown
	at com.qmetry.qaf.automation.core.QAFTestBase$DriverInitExpectedCondition.apply(QAFTestBase.java:560)
	at com.qmetry.qaf.automation.core.QAFTestBase$DriverInitExpectedCondition.apply(QAFTestBase.java:1)
	at com.qmetry.qaf.automation.ui.util.DynamicWait.until(DynamicWait.java:148)
	... 34 more
Caused by: com.qmetry.qaf.automation.core.AutomationError: Driver file not exist.
	at com.qmetry.qaf.automation.ui.webdriver.ChromeDriverHelper.createAndStartService(ChromeDriverHelper.java:48)
	at com.qmetry.qaf.automation.ui.webdriver.ChromeDriverHelper.getService(ChromeDriverHelper.java:86)
	at com.qmetry.qaf.automation.ui.UiDriverFactory$Browsers.getDriver(UiDriverFactory.java:405)
	at com.qmetry.qaf.automation.ui.UiDriverFactory$Browsers.access$5(UiDriverFactory.java:398)
	at com.qmetry.qaf.automation.ui.UiDriverFactory.getDriver(UiDriverFactory.java:213)
	at com.qmetry.qaf.automation.ui.UiDriverFactory.get(UiDriverFactory.java:86)
	at com.qmetry.qaf.automation.core.QAFTestBase$DriverInitExpectedCondition.apply(QAFTestBase.java:556)
	... 36 more
... Removed 26 stack frames]]>
    </failure>
  </testcase> <!-- testGoogleSearch -->
</testsuite> <!-- JAVA Test -->
